[1;92m[+] [0mEnabled environment variable AFL_DEBUG with value 1[0m
[1;92m[+] [0mEnabled environment variable AFL_FAST_CAL with value 1[0m
[1;92m[+] [0mEnabled environment variable AFL_CUSTOM_MUTATOR_ONLY with value 1[0m
[1;92m[+] [0mEnabled environment variable AFL_CUSTOM_MUTATOR_LIBRARY with value /home/Squirrel/build/libsqlite_mutator.so[0m
[1;92m[+] [0mEnabled environment variable AFL_I_DONT_CARE_ABOUT_MISSING_CRASHES with value 1[0m
[1;92m[+] [0mEnabled environment variable AFL_DEBUG with value 1[0m
[0;36mafl-fuzz++4.05a[0m based on afl by Michal Zalewski and a large online community
[1;92m[+] [0mafl++ is maintained by Marc "van Hauser" Heuse, Heiko "hexcoder" Eißfeldt, Andrea Fioraldi and Dominik Maier[0m
[1;92m[+] [0mafl++ is open source, get it at https://github.com/AFLplusplus/AFLplusplus[0m
[1;92m[+] [0mNOTE: This is v3.x which changes defaults and behaviours - see README.md[0m
[1;93m[!] [1;97mWARNING: [0mUsing -M main node with the AFL_CUSTOM_MUTATOR_ONLY mutator options will result in no deterministic mutations being done![0m
[1;92m[+] [0mEnabled environment variable AFL_DISABLE_TRIM with value 1[0m
[1;94m[*] [0mGetting to work...[0m
[1;92m[+] [0mUsing exponential power schedule (FAST)[0m
[1;92m[+] [0mEnabled testcache with 50 MB[0m
[1;92m[+] [0mGenerating fuzz data with a length of min=1 max=1048576[0m
[1;94m[*] [0mChecking core_pattern...[0m

[1;91m[-] [0mHmm, your system is configured to send core dump notifications to an
    external utility. This will cause issues: there will be an extended delay
    between stumbling upon a crash and having this information relayed to the
    fuzzer via the standard waitpid() API.
    If you're just testing, set 'AFL_I_DONT_CARE_ABOUT_MISSING_CRASHES=1'.

    To avoid having crashes misinterpreted as timeouts, please log in as root
    and temporarily modify /proc/sys/kernel/core_pattern, like so:

    echo core >/proc/sys/kernel/core_pattern
[1;94m[*] [0mChecking CPU scaling governor...[0m

[1;91m[-] [0mWhoops, your system uses on-demand CPU frequency scaling, adjusted
    between 976 and 3906 MHz. Unfortunately, the scaling algorithm in the
    kernel is imperfect and can miss the short-lived processes spawned by
    afl-fuzz. To keep things moving, run these commands as root:

    cd /sys/devices/system/cpu
    echo performance | tee cpu*/cpufreq/scaling_governor

    You can later go back to the original state by replacing 'performance'
    with 'ondemand' or 'powersave'. If you don't want to change the settings,
    set AFL_SKIP_CPUFREQ to make afl-fuzz skip this check - but expect some
    performance drop.
)B[?25h[0m[1;91m
[-] PROGRAM ABORT : [0mSuboptimal CPU scaling governor[1;91m
         Location : [0mcheck_cpu_governor(), src/afl-fuzz-init.c:2310

None
/home/Squirrel/data/config_sqlite.yml
cmd: /home/Squirrel/AFLplusplus/afl-fuzz -i ../../data/fuzz_root/input -o /tmp/fuzz -M 08f91dc6-f -- /home/ossfuzz @@
